Arguments: 
  /home/enima/.nvm/versions/node/v15.8.0/bin/node /home/enima/.nvm/versions/node/v15.8.0/bin/yarn add readline-synk

PATH: 
  /home/enima/.nvm/versions/node/v15.8.0/bin:/usr/local/sbin:/usr/local/bin:/usr/sbin:/usr/bin:/sbin:/bin:/usr/games:/usr/local/games:/snap/bin

Yarn version: 
  1.22.10

Node version: 
  15.8.0

Platform: 
  linux x64

Trace: 
  Error: https://registry.yarnpkg.com/readline-synk: Not found
      at Request.params.callback [as _callback] (/home/enima/.nvm/versions/node/v15.8.0/lib/node_modules/yarn/lib/cli.js:66988:18)
      at Request.self.callback (/home/enima/.nvm/versions/node/v15.8.0/lib/node_modules/yarn/lib/cli.js:140662:22)
      at Request.emit (node:events:378:20)
      at Request.<anonymous> (/home/enima/.nvm/versions/node/v15.8.0/lib/node_modules/yarn/lib/cli.js:141634:10)
      at Request.emit (node:events:378:20)
      at IncomingMessage.<anonymous> (/home/enima/.nvm/versions/node/v15.8.0/lib/node_modules/yarn/lib/cli.js:141556:12)
      at Object.onceWrapper (node:events:484:28)
      at IncomingMessage.emit (node:events:390:22)
      at endReadableNT (node:internal/streams/readable:1307:12)
      at processTicksAndRejections (node:internal/process/task_queues:81:21)

npm manifest: 
  {
    "name": "Monty-hall-game",
    "version": "0.1.0",
    "description": "monty-hall game",
    "main": "main.js",
    "repository": "https://github.com/Benmissi-A/Monty-hall-game.git",
    "author": "Benmissi-A <aminebenmissi@hotmail.fr>",
    "license": "MIT",
    "dependencies": {
      "crypto": "^1.0.1"
    }
  }

yarn manifest: 
  No manifest

Lockfile: 
  # THIS IS AN AUTOGENERATED FILE. DO NOT EDIT THIS FILE DIRECTLY.
  # yarn lockfile v1
  
  
  crypto@^1.0.1:
    version "1.0.1"
    resolved "https://registry.yarnpkg.com/crypto/-/crypto-1.0.1.tgz#2af1b7cad8175d24c8a1b0778255794a21803037"
    integrity sha512-VxBKmeNcqQdiUQUW2Tzq0t377b54N2bMtXO/qiLa+6eRRmmC4qT3D4OnTGoT/U6O9aklQ/jTwbOtRMTTY8G0Ig==
